<?xml version="1.0" encoding="UTF-8"?>
<testsuite xmlns:xsi="http://www.w3.org/2001/XMLSchema-instance" xsi:noNamespaceSchemaLocation="https://maven.apache.org/surefire/maven-surefire-plugin/xsd/surefire-test-report.xsd" name="omdb.demo.webserver.service.MovieClientServiceImplTest" time="6.717" tests="3" errors="0" skipped="0" failures="0">
  <properties>
[...]
</properties>
  <testcase name="testGetMovieById" classname="omdb.demo.webserver.service.MovieClientServiceImplTest" time="1.054"/>
  <testcase name="testGetMovieByTitle" classname="omdb.demo.webserver.service.MovieClientServiceImplTest" time="0.346"/>
  <testcase name="testGetMoviesByKeyword" classname="omdb.demo.webserver.service.MovieClientServiceImplTest" time="0.398"/>
</testsuite>